0 info it worked if it ends with ok
1 verbose cli [ '/usr/bin/nodejs', '/usr/bin/npm', 'install', 'n', '-g' ]
2 info using npm@3.5.2
3 info using node@v4.2.6
4 silly loadCurrentTree Starting
5 silly install loadCurrentTree
6 silly install readGlobalPackageData
7 silly fetchPackageMetaData n
8 silly fetchNamedPackageData n
9 silly mapToRegistry name n
10 silly mapToRegistry using default registry
11 silly mapToRegistry registry https://registry.npmjs.org/
12 silly mapToRegistry uri https://registry.npmjs.org/n
13 verbose request uri https://registry.npmjs.org/n
14 verbose request no auth needed
15 info attempt registry request try #1 at 12:00:56
16 verbose request id ff7b385ecdc2f7f4
17 http request GET https://registry.npmjs.org/n
18 http 200 https://registry.npmjs.org/n
19 verbose headers { 'content-type': 'application/json; charset=UTF-8',
19 verbose headers   server: 'UploadServer',
19 verbose headers   'cache-control': 'max-age=300',
19 verbose headers   'last-modified': 'Wed, 7 Mar 2018 21:11:36 GMT',
19 verbose headers   etag: '"5aa05588-11758"',
19 verbose headers   'x-npm-region': 'North-America',
19 verbose headers   'content-encoding': 'gzip',
19 verbose headers   'content-length': '11954',
19 verbose headers   'accept-ranges': 'bytes',
19 verbose headers   date: 'Mon, 26 Mar 2018 16:00:57 GMT',
19 verbose headers   via: '1.1 varnish',
19 verbose headers   age: '12399',
19 verbose headers   connection: 'keep-alive',
19 verbose headers   'x-served-by': 'cache-yul8926-YUL',
19 verbose headers   'x-cache': 'HIT',
19 verbose headers   'x-cache-hits': '1',
19 verbose headers   'x-timer': 'S1522080058.606322,VS0,VE0',
19 verbose headers   vary: 'Accept-Encoding, Accept' }
20 silly get cb [ 200,
20 silly get   { 'content-type': 'application/json; charset=UTF-8',
20 silly get     server: 'UploadServer',
20 silly get     'cache-control': 'max-age=300',
20 silly get     'last-modified': 'Wed, 7 Mar 2018 21:11:36 GMT',
20 silly get     etag: '"5aa05588-11758"',
20 silly get     'x-npm-region': 'North-America',
20 silly get     'content-encoding': 'gzip',
20 silly get     'content-length': '11954',
20 silly get     'accept-ranges': 'bytes',
20 silly get     date: 'Mon, 26 Mar 2018 16:00:57 GMT',
20 silly get     via: '1.1 varnish',
20 silly get     age: '12399',
20 silly get     connection: 'keep-alive',
20 silly get     'x-served-by': 'cache-yul8926-YUL',
20 silly get     'x-cache': 'HIT',
20 silly get     'x-cache-hits': '1',
20 silly get     'x-timer': 'S1522080058.606322,VS0,VE0',
20 silly get     vary: 'Accept-Encoding, Accept' } ]
21 verbose get saving n to /home/anne-julie/.npm/registry.npmjs.org/n/.cache.json
22 verbose makeDirectory /home/anne-julie/.npm creation not in flight; initializing
23 silly makeDirectory /home/anne-julie/.npm uid: 1000 gid: 1000
24 silly install normalizeTree
25 silly loadCurrentTree Finishing
26 silly loadIdealTree Starting
27 silly install loadIdealTree
28 silly cloneCurrentTree Starting
29 silly install cloneCurrentTreeToIdealTree
30 silly cloneCurrentTree Finishing
31 silly loadShrinkwrap Starting
32 silly install loadShrinkwrap
33 silly loadShrinkwrap Finishing
34 silly loadAllDepsIntoIdealTree Starting
35 silly install loadAllDepsIntoIdealTree
36 silly resolveWithNewModule n@2.1.8 checking installable status
37 silly cache add args [ 'n', null ]
38 verbose cache add spec n
39 silly cache add parsed spec Result {
39 silly cache add   raw: 'n',
39 silly cache add   scope: null,
39 silly cache add   name: 'n',
39 silly cache add   rawSpec: '',
39 silly cache add   spec: 'latest',
39 silly cache add   type: 'tag' }
40 silly addNamed n@latest
41 verbose addNamed "latest" is being treated as a dist-tag for n
42 info addNameTag [ 'n', 'latest' ]
43 silly mapToRegistry name n
44 silly mapToRegistry using default registry
45 silly mapToRegistry registry https://registry.npmjs.org/
46 silly mapToRegistry uri https://registry.npmjs.org/n
47 verbose addNameTag registry:https://registry.npmjs.org/n not in flight; fetching
48 verbose get https://registry.npmjs.org/n not expired, no request
49 silly addNameTag next cb for n with tag latest
50 silly addNamed n@2.1.8
51 verbose addNamed "2.1.8" is a plain semver version for n
52 silly mapToRegistry name n
53 silly mapToRegistry using default registry
54 silly mapToRegistry registry https://registry.npmjs.org/
55 silly mapToRegistry uri https://registry.npmjs.org/n
56 verbose addRemoteTarball https://registry.npmjs.org/n/-/n-2.1.8.tgz not in flight; adding
57 verbose addRemoteTarball [ 'https://registry.npmjs.org/n/-/n-2.1.8.tgz',
57 verbose addRemoteTarball   '9b770f6ae0a93c49c64fb614625a63cc5a22d1fd' ]
58 info retry fetch attempt 1 at 12:00:57
59 info attempt registry request try #1 at 12:00:57
60 http fetch GET https://registry.npmjs.org/n/-/n-2.1.8.tgz
61 http fetch 200 https://registry.npmjs.org/n/-/n-2.1.8.tgz
62 silly fetchAndShaCheck shasum 9b770f6ae0a93c49c64fb614625a63cc5a22d1fd
63 verbose addTmpTarball /tmp/npm-11911-4e458376/registry.npmjs.org/n/-/n-2.1.8.tgz not in flight; adding
64 verbose addTmpTarball already have metadata; skipping unpack for n@2.1.8
65 silly cache afterAdd n@2.1.8
66 verbose afterAdd /home/anne-julie/.npm/n/2.1.8/package/package.json not in flight; writing
67 verbose afterAdd /home/anne-julie/.npm/n/2.1.8/package/package.json written
68 silly loadAllDepsIntoIdealTree Finishing
69 silly idealTree:prePrune lib
69 silly idealTree:prePrune └── n@2.1.8
70 silly loadIdealTree Finishing
71 silly currentTree lib
72 silly idealTree lib
72 silly idealTree └── n@2.1.8
73 silly generateActionsToTake Starting
74 silly install generateActionsToTake
75 warn checkPermissions Missing write access to /usr/local/lib
76 silly rollbackFailedOptional Starting
77 silly rollbackFailedOptional Finishing
78 silly runTopLevelLifecycles Starting
79 silly runTopLevelLifecycles Finishing
80 silly install printInstalled
81 verbose stack Error: EACCES: permission denied, access '/usr/local/lib'
81 verbose stack     at Error (native)
82 verbose cwd /mnt/580C5B260C5AFF06/Code/CalculateurTC_HIV18
83 error Linux 4.13.0-37-generic
84 error argv "/usr/bin/nodejs" "/usr/bin/npm" "install" "n" "-g"
85 error node v4.2.6
86 error npm  v3.5.2
87 error path /usr/local/lib
88 error code EACCES
89 error errno -13
90 error syscall access
91 error Error: EACCES: permission denied, access '/usr/local/lib'
91 error     at Error (native)
91 error  { [Error: EACCES: permission denied, access '/usr/local/lib']
91 error   errno: -13,
91 error   code: 'EACCES',
91 error   syscall: 'access',
91 error   path: '/usr/local/lib' }
92 error Please try running this command again as root/Administrator.
93 verbose exit [ -13, true ]
